

Processing Rails::InfoController#properties (for 127.0.0.1 at 2010-02-11 23:01:00) [GET]


Processing Rails::InfoController#properties (for 127.0.0.1 at 2010-02-11 23:01:00) [GET]


Errno::ENOENT (No such file or directory - /tmp/.s.PGSQL.5432):
    /var/lib/gems/1.8/gems/postgres-pr-0.6.3/lib/postgres-pr/connection.rb:167:in `initialize'
    /var/lib/gems/1.8/gems/postgres-pr-0.6.3/lib/postgres-pr/connection.rb:167:in `new'
    /var/lib/gems/1.8/gems/postgres-pr-0.6.3/lib/postgres-pr/connection.rb:167:in `establish_connection'
    /var/lib/gems/1.8/gems/postgres-pr-0.6.3/lib/postgres-pr/connection.rb:51:in `initialize'
    /var/lib/gems/1.8/gems/postgres-pr-0.6.3/lib/postgres-pr/postgres-compat.rb:23:in `new'
    /var/lib/gems/1.8/gems/postgres-pr-0.6.3/lib/postgres-pr/postgres-compat.rb:23:in `initialize'
    /vendor/rails/activerecord/lib/active_record/connection_adapters/postgresql_adapter.rb:931:in `connect'
    /vendor/rails/activerecord/lib/active_record/connection_adapters/postgresql_adapter.rb:931:in `connect'
    /vendor/rails/activerecord/lib/active_record/connection_adapters/postgresql_adapter.rb:210:in `initialize'
    /vendor/rails/activerecord/lib/active_record/connection_adapters/postgresql_adapter.rb:37:in `new'
    /vendor/rails/activerecord/lib/active_record/connection_adapters/postgresql_adapter.rb:37:in `postgresql_connection'
    /vendor/rails/activerecord/lib/active_record/connection_adapters/abstract/connection_pool.rb:223:in `send'
    /vendor/rails/activerecord/lib/active_record/connection_adapters/abstract/connection_pool.rb:223:in `new_connection'
    /vendor/rails/activerecord/lib/active_record/connection_adapters/abstract/connection_pool.rb:245:in `checkout_new_connection'
    /vendor/rails/activerecord/lib/active_record/connection_adapters/abstract/connection_pool.rb:188:in `checkout'
    /vendor/rails/activerecord/lib/active_record/connection_adapters/abstract/connection_pool.rb:184:in `loop'
    /vendor/rails/activerecord/lib/active_record/connection_adapters/abstract/connection_pool.rb:184:in `checkout'
    /usr/lib/ruby/1.8/monitor.rb:242:in `synchronize'
    /vendor/rails/activerecord/lib/active_record/connection_adapters/abstract/connection_pool.rb:183:in `checkout'
    /vendor/rails/activerecord/lib/active_record/connection_adapters/abstract/connection_pool.rb:98:in `connection'
    /vendor/rails/activerecord/lib/active_record/connection_adapters/abstract/connection_pool.rb:326:in `retrieve_connection'
    /vendor/rails/activerecord/lib/active_record/connection_adapters/abstract/connection_specification.rb:121:in `retrieve_connection'
    /vendor/rails/activerecord/lib/active_record/connection_adapters/abstract/connection_specification.rb:113:in `connection'
    /vendor/rails/activerecord/lib/active_record/query_cache.rb:8:in `cache'
    /vendor/rails/actionpack/lib/action_controller/caching/sql_cache.rb:12:in `perform_action'
    /vendor/rails/actionpack/lib/action_controller/base.rb:524:in `send'
    /vendor/rails/actionpack/lib/action_controller/base.rb:524:in `process_without_filters'
    /vendor/rails/actionpack/lib/action_controller/filters.rb:606:in `process_without_session_management_support'
    /vendor/rails/actionpack/lib/action_controller/session_management.rb:134:in `process'
    /vendor/rails/actionpack/lib/action_controller/base.rb:392:in `process'
    /vendor/rails/actionpack/lib/action_controller/dispatcher.rb:184:in `handle_request'
    /vendor/rails/actionpack/lib/action_controller/dispatcher.rb:112:in `dispatch_unlocked'
    /vendor/rails/actionpack/lib/action_controller/dispatcher.rb:125:in `dispatch'
    /vendor/rails/actionpack/lib/action_controller/dispatcher.rb:124:in `synchronize'
    /vendor/rails/actionpack/lib/action_controller/dispatcher.rb:124:in `dispatch'
    /vendor/rails/actionpack/lib/action_controller/dispatcher.rb:134:in `dispatch_cgi'
    /vendor/rails/actionpack/lib/action_controller/dispatcher.rb:41:in `dispatch'
    /vendor/rails/railties/lib/webrick_server.rb:103:in `handle_dispatch'
    /vendor/rails/railties/lib/webrick_server.rb:74:in `service'
    /usr/lib/ruby/1.8/webrick/httpserver.rb:104:in `service'
    /usr/lib/ruby/1.8/webrick/httpserver.rb:65:in `run'
    /usr/lib/ruby/1.8/webrick/server.rb:173:in `start_thread'
    /usr/lib/ruby/1.8/webrick/server.rb:162:in `start'
    /usr/lib/ruby/1.8/webrick/server.rb:162:in `start_thread'
    /usr/lib/ruby/1.8/webrick/server.rb:95:in `start'
    /usr/lib/ruby/1.8/webrick/server.rb:92:in `each'
    /usr/lib/ruby/1.8/webrick/server.rb:92:in `start'
    /usr/lib/ruby/1.8/webrick/server.rb:23:in `start'
    /usr/lib/ruby/1.8/webrick/server.rb:82:in `start'
    /vendor/rails/railties/lib/webrick_server.rb:60:in `dispatch'
    /vendor/rails/railties/lib/commands/servers/webrick.rb:66
    /usr/lib/ruby/1.8/rubygems/custom_require.rb:31:in `gem_original_require'
    /usr/lib/ruby/1.8/rubygems/custom_require.rb:31:in `require'
    /vendor/rails/activesupport/lib/active_support/dependencies.rb:153:in `require'
    /vendor/rails/activesupport/lib/active_support/dependencies.rb:521:in `new_constants_in'
    /vendor/rails/activesupport/lib/active_support/dependencies.rb:153:in `require'
    /vendor/rails/railties/lib/commands/server.rb:49
    /usr/lib/ruby/1.8/rubygems/custom_require.rb:31:in `gem_original_require'
    /usr/lib/ruby/1.8/rubygems/custom_require.rb:31:in `require'
    script/server:3

Rendered /home/kaartine/workspace/Rysty/rails/vendor/rails/actionpack/lib/action_controller/templates/rescues/_trace (28.8ms)
Rendered /home/kaartine/workspace/Rysty/rails/vendor/rails/actionpack/lib/action_controller/templates/rescues/_request_and_response (0.8ms)
Rendering /home/kaartine/workspace/Rysty/rails/vendor/rails/actionpack/lib/action_controller/templates/rescues/layout.erb (internal_server_error)
